This file contains any messages produced by compilers while
running configure, to aid debugging if configure makes a mistake.

It was created by boost_filesystem_test configure 0.1, which was
generated by GNU Autoconf 2.69.  Invocation command line was

  $ ./configure --with-boost=/usr/local/boost_1_49_0_static64_debug_multi

## --------- ##
## Platform. ##
## --------- ##

hostname = bedstone.pnl.gov
uname -m = x86_64
uname -r = 2.6.18-92.1.22.el5lustre
uname -s = Linux
uname -v = #1 SMP Tue Dec 23 10:38:27 PST 2008

/usr/bin/uname -p = unknown
/bin/uname -X     = unknown

/bin/arch              = x86_64
/usr/bin/arch -k       = unknown
/usr/convex/getsysinfo = unknown
/usr/bin/hostinfo      = unknown
/bin/machine           = unknown
/usr/bin/oslevel       = unknown
/bin/universe          = unknown

PATH: /usr/local/bin
PATH: /apps/rms/bin
PATH: /home/d3c572/dev/scalablast/sblast/bin
PATH: /usr/local/matlab/bin
PATH: /sbin
PATH: /usr/sbin
PATH: /bin
PATH: /usr/bin
PATH: /usr/local/bin
PATH: /opt/rocks/bin
PATH: .


## ----------- ##
## Core tests. ##
## ----------- ##

configure:1938: checking for a BSD-compatible install
configure:2006: result: /usr/bin/install -c
configure:2017: checking whether build environment is sane
configure:2072: result: yes
configure:2223: checking for a thread-safe mkdir -p
configure:2262: result: /bin/mkdir -p
configure:2275: checking for gawk
configure:2291: found /bin/gawk
configure:2302: result: gawk
configure:2313: checking whether make sets $(MAKE)
configure:2335: result: yes
configure:2527: checking for C++ compiler version
configure:2536: g++ --version >&5
g++ (GCC) 4.1.2 20080704 (Red Hat 4.1.2-52)
Copyright (C) 2006 Free Software Foundation, Inc.
This is free software; see the source for copying conditions.  There is NO
warranty; not even for MERCHANTABILITY or FITNESS FOR A PARTICULAR PURPOSE.

configure:2547: $? = 0
configure:2536: g++ -v >&5
Using built-in specs.
Target: x86_64-redhat-linux
Configured with: ../configure --prefix=/usr --mandir=/usr/share/man --infodir=/usr/share/info --enable-shared --enable-threads=posix --enable-checking=release --with-system-zlib --enable-__cxa_atexit --disable-libunwind-exceptions --enable-libgcj-multifile --enable-languages=c,c++,objc,obj-c++,java,fortran,ada --enable-java-awt=gtk --disable-dssi --disable-plugin --with-java-home=/usr/lib/jvm/java-1.4.2-gcj-1.4.2.0/jre --with-cpu=generic --host=x86_64-redhat-linux
Thread model: posix
gcc version 4.1.2 20080704 (Red Hat 4.1.2-52)
configure:2547: $? = 0
configure:2536: g++ -V >&5
g++: '-V' option must have argument
configure:2547: $? = 1
configure:2536: g++ -qversion >&5
g++: unrecognized option '-qversion'
g++: no input files
configure:2547: $? = 1
configure:2567: checking whether the C++ compiler works
configure:2589: g++    conftest.cpp  >&5
configure:2593: $? = 0
configure:2641: result: yes
configure:2644: checking for C++ compiler default output file name
configure:2646: result: a.out
configure:2652: checking for suffix of executables
configure:2659: g++ -o conftest    conftest.cpp  >&5
configure:2663: $? = 0
configure:2685: result: 
configure:2707: checking whether we are cross compiling
configure:2715: g++ -o conftest    conftest.cpp  >&5
configure:2719: $? = 0
configure:2726: ./conftest
configure:2730: $? = 0
configure:2745: result: no
configure:2750: checking for suffix of object files
configure:2772: g++ -c   conftest.cpp >&5
configure:2776: $? = 0
configure:2797: result: o
configure:2801: checking whether we are using the GNU C++ compiler
configure:2820: g++ -c   conftest.cpp >&5
configure:2820: $? = 0
configure:2829: result: yes
configure:2838: checking whether g++ accepts -g
configure:2858: g++ -c -g  conftest.cpp >&5
configure:2858: $? = 0
configure:2899: result: yes
configure:2933: checking for style of include used by make
configure:2961: result: GNU
configure:2987: checking dependency style of g++
configure:3098: result: gcc3
configure:3152: checking for boostlib >= 1.33
configure:3202: g++ -c -g -O2  -I/usr/local/boost_1_49_0_static64_debug_multi/include conftest.cpp >&5
configure:3202: $? = 0
configure:3204: result: yes
configure:3384: checking for gcc
configure:3400: found /usr/bin/gcc
configure:3411: result: gcc
configure:3640: checking for C compiler version
configure:3649: gcc --version >&5
gcc (GCC) 4.1.2 20080704 (Red Hat 4.1.2-52)
Copyright (C) 2006 Free Software Foundation, Inc.
This is free software; see the source for copying conditions.  There is NO
warranty; not even for MERCHANTABILITY or FITNESS FOR A PARTICULAR PURPOSE.

configure:3660: $? = 0
configure:3649: gcc -v >&5
Using built-in specs.
Target: x86_64-redhat-linux
Configured with: ../configure --prefix=/usr --mandir=/usr/share/man --infodir=/usr/share/info --enable-shared --enable-threads=posix --enable-checking=release --with-system-zlib --enable-__cxa_atexit --disable-libunwind-exceptions --enable-libgcj-multifile --enable-languages=c,c++,objc,obj-c++,java,fortran,ada --enable-java-awt=gtk --disable-dssi --disable-plugin --with-java-home=/usr/lib/jvm/java-1.4.2-gcj-1.4.2.0/jre --with-cpu=generic --host=x86_64-redhat-linux
Thread model: posix
gcc version 4.1.2 20080704 (Red Hat 4.1.2-52)
configure:3660: $? = 0
configure:3649: gcc -V >&5
gcc: '-V' option must have argument
configure:3660: $? = 1
configure:3649: gcc -qversion >&5
gcc: unrecognized option '-qversion'
gcc: no input files
configure:3660: $? = 1
configure:3664: checking whether we are using the GNU C compiler
configure:3683: gcc -c   conftest.c >&5
configure:3683: $? = 0
configure:3692: result: yes
configure:3701: checking whether gcc accepts -g
configure:3721: gcc -c -g  conftest.c >&5
configure:3721: $? = 0
configure:3762: result: yes
configure:3779: checking for gcc option to accept ISO C89
configure:3842: gcc  -c -g -O2  conftest.c >&5
configure:3842: $? = 0
configure:3855: result: none needed
configure:3877: checking dependency style of gcc
configure:3988: result: gcc3
configure:4035: checking whether the Boost::Filesystem library is available
configure:4059: g++ -c -g -O2  -I/usr/local/boost_1_49_0_static64_debug_multi/include conftest.cpp >&5
configure:4059: $? = 0
configure:4073: result: yes
configure:4084: checking for exit in -lboost_filesystem-mt-sd
configure:4109: gcc -o conftest -g -O2  -I/usr/local/boost_1_49_0_static64_debug_multi/include  -L/usr/local/boost_1_49_0_static64_debug_multi/lib conftest.c -lboost_filesystem-mt-sd   >&5
conftest.c:20: warning: conflicting types for built-in function 'exit'
configure:4109: $? = 0
configure:4119: result: yes
configure:4352: checking that generated files are newer than configure
configure:4358: result: done
configure:4385: creating ./config.status

## ---------------------- ##
## Running config.status. ##
## ---------------------- ##

This file was extended by boost_filesystem_test config.status 0.1, which was
generated by GNU Autoconf 2.69.  Invocation command line was

  CONFIG_FILES    = 
  CONFIG_HEADERS  = 
  CONFIG_LINKS    = 
  CONFIG_COMMANDS = 
  $ ./config.status 

on bedstone.pnl.gov

config.status:846: creating Makefile
config.status:846: creating config.h
config.status:1075: executing depfiles commands

## ---------------- ##
## Cache variables. ##
## ---------------- ##

ac_cv_c_compiler_gnu=yes
ac_cv_cxx_compiler_gnu=yes
ac_cv_env_CCC_set=
ac_cv_env_CCC_value=
ac_cv_env_CC_set=
ac_cv_env_CC_value=
ac_cv_env_CFLAGS_set=
ac_cv_env_CFLAGS_value=
ac_cv_env_CPPFLAGS_set=
ac_cv_env_CPPFLAGS_value=
ac_cv_env_CXXFLAGS_set=
ac_cv_env_CXXFLAGS_value=
ac_cv_env_CXX_set=set
ac_cv_env_CXX_value=g++
ac_cv_env_LDFLAGS_set=
ac_cv_env_LDFLAGS_value=
ac_cv_env_LIBS_set=
ac_cv_env_LIBS_value=
ac_cv_env_build_alias_set=
ac_cv_env_build_alias_value=
ac_cv_env_host_alias_set=
ac_cv_env_host_alias_value=
ac_cv_env_target_alias_set=
ac_cv_env_target_alias_value=
ac_cv_lib_boost_filesystem_mt_sd___exit=yes
ac_cv_objext=o
ac_cv_path_install='/usr/bin/install -c'
ac_cv_path_mkdir=/bin/mkdir
ac_cv_prog_AWK=gawk
ac_cv_prog_ac_ct_CC=gcc
ac_cv_prog_cc_c89=
ac_cv_prog_cc_g=yes
ac_cv_prog_cxx_g=yes
ac_cv_prog_make_make_set=yes
am_cv_CC_dependencies_compiler_type=gcc3
am_cv_CXX_dependencies_compiler_type=gcc3
ax_cv_boost_filesystem=yes

## ----------------- ##
## Output variables. ##
## ----------------- ##

ACLOCAL='${SHELL} /home/d3c572/dev/autotools/boost_filesystem_test-0.1/config/missing --run aclocal-1.12'
AMDEPBACKSLASH='\'
AMDEP_FALSE='#'
AMDEP_TRUE=''
AMTAR='$${TAR-tar}'
AUTOCONF='${SHELL} /home/d3c572/dev/autotools/boost_filesystem_test-0.1/config/missing --run autoconf'
AUTOHEADER='${SHELL} /home/d3c572/dev/autotools/boost_filesystem_test-0.1/config/missing --run autoheader'
AUTOMAKE='${SHELL} /home/d3c572/dev/autotools/boost_filesystem_test-0.1/config/missing --run automake-1.12'
AWK='gawk'
BOOST_CPPFLAGS='-I/usr/local/boost_1_49_0_static64_debug_multi/include'
BOOST_FILESYSTEM_LIB='-lboost_filesystem-mt-sd'
BOOST_LDFLAGS='-L/usr/local/boost_1_49_0_static64_debug_multi/lib'
CC='gcc'
CCDEPMODE='depmode=gcc3'
CFLAGS='-g -O2'
CPPFLAGS=''
CXX='g++'
CXXDEPMODE='depmode=gcc3'
CXXFLAGS='-g -O2'
CYGPATH_W='echo'
DEFS='-DHAVE_CONFIG_H'
DEPDIR='.deps'
ECHO_C=''
ECHO_N='-n'
ECHO_T=''
EXEEXT=''
INSTALL_DATA='${INSTALL} -m 644'
INSTALL_PROGRAM='${INSTALL}'
INSTALL_SCRIPT='${INSTALL}'
INSTALL_STRIP_PROGRAM='$(install_sh) -c -s'
LDFLAGS=''
LIBOBJS=''
LIBS=''
LTLIBOBJS=''
MAKEINFO='${SHELL} /home/d3c572/dev/autotools/boost_filesystem_test-0.1/config/missing --run makeinfo'
MKDIR_P='/bin/mkdir -p'
OBJEXT='o'
PACKAGE='boost_filesystem_test'
PACKAGE_BUGREPORT='thomas@randspringer.de'
PACKAGE_NAME='boost_filesystem_test'
PACKAGE_STRING='boost_filesystem_test 0.1'
PACKAGE_TARNAME='boost_filesystem_test'
PACKAGE_URL=''
PACKAGE_VERSION='0.1'
PATH_SEPARATOR=':'
SET_MAKE=''
SHELL='/bin/sh'
STRIP=''
VERSION='0.1'
ac_ct_CC='gcc'
ac_ct_CXX=''
am__EXEEXT_FALSE=''
am__EXEEXT_TRUE='#'
am__fastdepCC_FALSE='#'
am__fastdepCC_TRUE=''
am__fastdepCXX_FALSE='#'
am__fastdepCXX_TRUE=''
am__include='include'
am__isrc=''
am__leading_dot='.'
am__nodep='_no'
am__quote=''
am__tar='$${TAR-tar} chof - "$$tardir"'
am__untar='$${TAR-tar} xf -'
bindir='${exec_prefix}/bin'
build_alias=''
datadir='${datarootdir}'
datarootdir='${prefix}/share'
docdir='${datarootdir}/doc/${PACKAGE_TARNAME}'
dvidir='${docdir}'
exec_prefix='${prefix}'
host_alias=''
htmldir='${docdir}'
includedir='${prefix}/include'
infodir='${datarootdir}/info'
install_sh='${SHELL} /home/d3c572/dev/autotools/boost_filesystem_test-0.1/config/install-sh'
libdir='${exec_prefix}/lib'
libexecdir='${exec_prefix}/libexec'
localedir='${datarootdir}/locale'
localstatedir='${prefix}/var'
mandir='${datarootdir}/man'
mkdir_p='/bin/mkdir -p'
oldincludedir='/usr/include'
pdfdir='${docdir}'
prefix='/usr/local'
program_transform_name='s,x,x,'
psdir='${docdir}'
sbindir='${exec_prefix}/sbin'
sharedstatedir='${prefix}/com'
sysconfdir='${prefix}/etc'
target_alias=''

## ----------- ##
## confdefs.h. ##
## ----------- ##

/* confdefs.h */
#define PACKAGE_NAME "boost_filesystem_test"
#define PACKAGE_TARNAME "boost_filesystem_test"
#define PACKAGE_VERSION "0.1"
#define PACKAGE_STRING "boost_filesystem_test 0.1"
#define PACKAGE_BUGREPORT "thomas@randspringer.de"
#define PACKAGE_URL ""
#define PACKAGE "boost_filesystem_test"
#define VERSION "0.1"
#define HAVE_BOOST /**/
#define HAVE_BOOST_FILESYSTEM /**/

configure: exit 0
